{"message":"Invalid rating 'undefined' supplied","level":"error"}
{"message":"Invalid rating 'undefined' supplied","level":"error"}
{"message":"Invalid rating 'undefined' supplied","level":"error"}
{"message":"Invalid rating 'undefined' supplied","level":"error"}
{"message":"Invalid rating '20' supplied","level":"error"}
{"message":"Invalid rating '10' supplied","level":"error"}
{"message":"Invalid rating '10' supplied","level":"error"}
{"message":"Invalid rating '5' supplied","level":"error"}
{"message":"Invalid rating '5' supplied","level":"error"}
{"message":"Invalid rating '5' supplied","level":"error"}
{"message":"Invalid rating '5' supplied","level":"error"}
{"message":"Invalid rating '31' supplied","level":"error"}
{"message":"Invalid rating 'null' supplied","level":"error"}
{"message":"Client's full name is required","level":"error"}
{"message":"Invalid email supplied","level":"error"}
{"message":"Invalid email supplied","level":"error"}
{"message":"Invalid email supplied","level":"error"}
{"message":"Invalid email supplied","level":"error"}
{"message":"Invalid email supplied","level":"error"}
{"message":"Invalid phone number supplied","level":"error"}
{"message":"Tattoo with id 12345 not found.","level":"error"}
{"message":"Tattoo with id 12345 not found.","level":"error"}
{"message":"Tattoo with id 12345 not found.","level":"error"}
{"message":"Tattoo with id 12345 not found.","level":"error"}
{"message":"Tattoo with id 12345 not found.","level":"error"}
{"message":"Tattoo with id 12345 not found.","level":"error"}
{"message":"Tattoo with id 12345 not found.","level":"error"}
{"message":"Tattoo with id 12345 not found.","level":"error"}
{"message":"Tattoo with id 12345 not found.","level":"error"}
{"message":"Tattoo with id 12345 not found.","level":"error"}
{"message":"Tattoo with id 12345 not found.","level":"error"}
{"message":"Tattoo with id 12345 not found.","level":"error"}
{"message":"Tattoo with id 12345 not found.","level":"error"}
{"message":"Tattoo with id 12345 not found.","level":"error"}
{"message":"Tattoo with id 12345 not found.","level":"error"}
{"message":"Tattoo with id 12345 not found.","level":"error"}
{"message":"Tattoo with id 12345 not found.","level":"error"}
{"message":"Tattoo with id 12345 not found.","level":"error"}
{"message":"Client with id 12345 not found.","level":"error"}
{"message":"Client with id 12345 not found.","level":"error"}
{"message":"Client with id 12345 not found.","level":"error"}
{"message":"Client with id 12345 not found.","level":"error"}
{"message":"Client with id 12345 not found.","level":"error"}
{"message":"Client with id 12345 not found.","level":"error"}
{"message":"Client with id 12345 not found.","level":"error"}
{"message":"Client with id 12345 not found.","level":"error"}
{"message":"Client with id 12345 not found.","level":"error"}
{"message":"Client with id 12345 not found.","level":"error"}
{"message":"Client with id 12345 not found.","level":"error"}
{"message":"Client with id 12345 not found.","level":"error"}
{"message":"Tattoo with id 12345 not found.","level":"error"}
{"message":"Client with id 12345 not found.","level":"error"}
{"message":"Tattoo with id 12345 not found.","level":"error"}
{"message":"Client with id 12345 not found.","level":"error"}
{"message":"Event with id 12345 not found.","level":"error"}
{"message":"Event with id 12345 not found.","level":"error"}
{"message":"Event with id 12345 not found.","level":"error"}
{"message":"Event with id 12345 not found.","level":"error"}
{"message":"Event with id 1234 not found.","level":"error"}
{"message":"Event with Artist id 1234 not found.","level":"error"}
{"message":"Event with id 12345 not found.","level":"error"}
{"message":"Event with Artist id 1234 not found.","level":"error"}
{"message":"Event with id 12345 not found.","level":"error"}
{"message":"Event with Artist id 1234 not found.","level":"error"}
{"message":"Event with id 12345 not found.","level":"error"}
{"message":"Event with Artist id 1234 not found.","level":"error"}
{"message":"Event with id 12345 not found.","level":"error"}
{"message":"Event with Artist id 1234 not found.","level":"error"}
{"message":"Event with id 12345 not found.","level":"error"}
{"message":"Event with Artist id 1234 not found.","level":"error"}
{"message":"Event with id 12345 not found.","level":"error"}
{"message":"Event with Artist id 1234 not found.","level":"error"}
{"message":"Event with id 12345 not found.","level":"error"}
{"message":"Event with Artist id 1234 not found.","level":"error"}
{"message":"Tattoo with Event id 1234 not found.","level":"error"}
{"message":"Event with id 12345 not found.","level":"error"}
{"message":"Event with Artist id 1234 not found.","level":"error"}
{"message":"Tattoo with Event id 1234 not found.","level":"error"}
{"message":"Event with id 12345 not found.","level":"error"}
{"message":"Event with Artist id 1234 not found.","level":"error"}
{"message":"Tattoo with Event id 1234 not found.","level":"error"}
{"message":"Event with id 12345 not found.","level":"error"}
{"message":"Event with Artist id 1234 not found.","level":"error"}
{"message":"Tattoo with Event id 1234 not found.","level":"error"}
{"message":"Event with id 12345 not found.","level":"error"}
{"message":"Event with Artist id 1234 not found.","level":"error"}
{"message":"Tattoo with Event id 1234 not found.","level":"error"}
{"message":"Event with id 12345 not found.","level":"error"}
{"message":"Event with Artist id 1234 not found.","level":"error"}
{"message":"Tattoo with Event id 1234 not found.","level":"error"}
{"message":"Event with id 12345 not found.","level":"error"}
{"message":"Event with Artist id 1234 not found.","level":"error"}
{"message":"Event with id 12345 not found.","level":"error"}
{"message":"Event with Artist id 1234 not found.","level":"error"}
{"message":"Tattoo with Event id 1234 not found.","level":"error"}
{"message":"Events for tattoo id 1234 not found.","level":"error"}
{"message":"Client with id 12345 not found.","level":"error"}
{"message":"Event with id 12345 not found.","level":"error"}
{"message":"Event with Artist id 1234 not found.","level":"error"}
{"message":"Tattoo with Event id 1234 not found.","level":"error"}
{"message":"Events for tattoo id 1234 not found.","level":"error"}
{"message":"Tattoo with id 12345 not found.","level":"error"}
{"message":"Event with Artist id 20 not found.","level":"error"}
{"message":"Event with Artist id 20 not found.","level":"error"}
{"message":"Client with id 12345 not found.","level":"error"}
{"message":"Event with id 12345 not found.","level":"error"}
{"message":"Tattoo with Event id 1234 not found.","level":"error"}
{"message":"Events for tattoo id 1234 not found.","level":"error"}
{"message":"Tattoo with id 12345 not found.","level":"error"}
